  main.cpp
F:\bek\C++\Project\SFML\SG\planet.h(8,99): warning C4244: инициализация: преобразование "double" в "float", возможна потеря данных
F:\bek\C++\Project\SFML\SG\planet.h(8,12): warning C4244: аргумент: преобразование "double" в "float", возможна потеря данных
F:\bek\C++\Project\SFML\SG\planet.h(35,9): warning C4244: =: преобразование "double" в "float", возможна потеря данных
F:\bek\C++\Project\SFML\SG\planet.h(36,19): warning C4244: аргумент: преобразование "double" в "float", возможна потеря данных
F:\bek\C++\Project\SFML\SG\main.cpp(8,15): warning C4244: аргумент: преобразование "time_t" в "unsigned int", возможна потеря данных
F:\bek\C++\Project\SFML\SG\main.cpp(17,34): warning C4244: =: преобразование "double" в "unsigned int", возможна потеря данных
F:\bek\C++\Project\SFML\SG\main.cpp(32,31): warning C4244: аргумент: преобразование "int" в "float", возможна потеря данных
F:\bek\C++\Project\SFML\SG\main.cpp(32,27): warning C4244: аргумент: преобразование "int" в "float", возможна потеря данных
F:\bek\C++\Project\SFML\SG\main.cpp(34,35): warning C4305: аргумент: усечение из "double" в "float"
F:\bek\C++\Project\SFML\SG\main.cpp(45,41): warning C4244: аргумент: преобразование "int" в "float", возможна потеря данных
F:\bek\C++\Project\SFML\SG\main.cpp(45,29): warning C4244: аргумент: преобразование "int" в "float", возможна потеря данных
F:\bek\C++\Project\SFML\SG\main.cpp(76,28): warning C4244: =: преобразование "double" в "float", возможна потеря данных
F:\bek\C++\Project\SFML\SG\main.cpp(82,122): warning C4244: +=: преобразование "double" в "T", возможна потеря данных
          with
          [
              T=float
          ]
F:\bek\C++\Project\SFML\SG\main.cpp(83,122): warning C4244: +=: преобразование "double" в "T", возможна потеря данных
          with
          [
              T=float
          ]
  Создание кода
  Previous IPDB not found, fall back to full compilation.
  All 233 functions were compiled because no usable IPDB/IOBJ from previous compilation was found.
  Создание кода завершено
  SG.vcxproj -> F:\bek\C++\Project\SFML\SG\Release\SG.exe
